<?xml version="1.0" encoding="UTF-8"?>
<!-- Generated by org.testng.reporters.JUnitReportReporter -->
<testsuite hostname="BAKRGOUTH" failures="0" tests="1" name="com.bulkservice.Clientservice" time="1.878" errors="0" timestamp="2023-09-04T14:43:58 IST" skipped="0">
  <testcase classname="com.bulkservice.Clientservice" name="getMethod1" time="1.878"/>
</testsuite> <!-- com.bulkservice.Clientservice -->
