<?xml version="1.0" encoding="UTF-8"?>
<!-- Generated by org.testng.reporters.JUnitReportReporter -->
<testsuite hostname="BAKRGOUTH" failures="0" tests="1" name="com.bulks.endpoints.UserRequests" time="5.084" errors="0" timestamp="2023-08-27T16:13:07 IST" skipped="0">
  <testcase classname="com.bulks.endpoints.UserRequests" name="readfromfile" time="5.084"/>
</testsuite> <!-- com.bulks.endpoints.UserRequests -->
