<?xml version="1.0" encoding="UTF-8"?>
<!-- Generated by org.testng.reporters.JUnitReportReporter -->
<testsuite hostname="BAKRGOUTH" failures="0" tests="2" name="com.bulkservice.BulkDBType" time="17.069" errors="0" timestamp="2023-09-06T16:39:38 IST" skipped="0">
  <testcase classname="com.bulkservice.BulkDBType" name="mongoDbBulkService" time="10.701"/>
  <testcase classname="com.bulkservice.BulkDBType" name="mongoDbBulkService1" time="6.368"/>
</testsuite> <!-- com.bulkservice.BulkDBType -->
