<?xml version="1.0" encoding="UTF-8"?>
<!-- Generated by org.testng.reporters.JUnitReportReporter -->
<testsuite hostname="BAKRGOUTH" failures="0" tests="3" name="assure.Demo" time="0.027" errors="0" timestamp="2023-09-05T21:27:09 IST" skipped="0">
  <testcase classname="assure.Demo" name="test" time="0.018"/>
  <testcase classname="assure.Demo" name="test1" time="0.005"/>
  <testcase classname="assure.Demo" name="test3" time="0.004"/>
</testsuite> <!-- assure.Demo -->
